{"/Users/kristinladia/Documents/GitHub/Tablet2/Tablet-app-2/Intro.js": {"path":"/Users/kristinladia/Documents/GitHub/Tablet2/Tablet-app-2/Intro.js","statementMap":{"0":{"start":{"line":5,"column":15},"end":{"line":22,"column":2}},"1":{"start":{"line":26,"column":4},"end":{"line":36,"column":6}}},"fnMap":{"0":{"name":"(anonymous_0)","decl":{"start":{"line":25,"column":2},"end":{"line":25,"column":3}},"loc":{"start":{"line":25,"column":11},"end":{"line":37,"column":3}},"line":25}},"branchMap":{},"s":{"0":1,"1":1},"f":{"0":1},"b":{},"_coverageSchema":"332fd63041d2c1bcb487cc26dd0d5f7d97098a6c","hash":"f4a9739bebe429d958ed5be99e51743ff00974f2"}
,"/Users/kristinladia/Documents/GitHub/Tablet2/Tablet-app-2/assets/images/Picture1.png": {"path":"/Users/kristinladia/Documents/GitHub/Tablet2/Tablet-app-2/assets/images/Picture1.png","statementMap":{"0":{"start":{"line":1,"column":0},"end":{"line":1,"column":19}}},"fnMap":{},"branchMap":{},"s":{"0":1},"f":{},"b":{},"_coverageSchema":"332fd63041d2c1bcb487cc26dd0d5f7d97098a6c","hash":"8cb6085ee04d28f3eb56820e0d6d49e4d063c259"}
,"/Users/kristinladia/Documents/GitHub/Tablet2/Tablet-app-2/components/ReservationFunction.js": {"path":"/Users/kristinladia/Documents/GitHub/Tablet2/Tablet-app-2/components/ReservationFunction.js","statementMap":{"0":{"start":{"line":4,"column":4},"end":{"line":6,"column":5}},"1":{"start":{"line":5,"column":8},"end":{"line":5,"column":21}},"2":{"start":{"line":7,"column":4},"end":{"line":9,"column":5}},"3":{"start":{"line":8,"column":8},"end":{"line":8,"column":21}},"4":{"start":{"line":10,"column":4},"end":{"line":12,"column":5}},"5":{"start":{"line":11,"column":8},"end":{"line":11,"column":21}},"6":{"start":{"line":16,"column":4},"end":{"line":18,"column":5}},"7":{"start":{"line":17,"column":8},"end":{"line":17,"column":21}},"8":{"start":{"line":19,"column":4},"end":{"line":19,"column":16}},"9":{"start":{"line":22,"column":0},"end":{"line":22,"column":29}}},"fnMap":{"0":{"name":"reservation","decl":{"start":{"line":3,"column":9},"end":{"line":3,"column":20}},"loc":{"start":{"line":3,"column":39},"end":{"line":20,"column":1}},"line":3}},"branchMap":{"0":{"loc":{"start":{"line":4,"column":4},"end":{"line":6,"column":5}},"type":"if","locations":[{"start":{"line":4,"column":4},"end":{"line":6,"column":5}},{"start":{"line":4,"column":4},"end":{"line":6,"column":5}}],"line":4},"1":{"loc":{"start":{"line":7,"column":4},"end":{"line":9,"column":5}},"type":"if","locations":[{"start":{"line":7,"column":4},"end":{"line":9,"column":5}},{"start":{"line":7,"column":4},"end":{"line":9,"column":5}}],"line":7},"2":{"loc":{"start":{"line":10,"column":4},"end":{"line":12,"column":5}},"type":"if","locations":[{"start":{"line":10,"column":4},"end":{"line":12,"column":5}},{"start":{"line":10,"column":4},"end":{"line":12,"column":5}}],"line":10},"3":{"loc":{"start":{"line":16,"column":4},"end":{"line":18,"column":5}},"type":"if","locations":[{"start":{"line":16,"column":4},"end":{"line":18,"column":5}},{"start":{"line":16,"column":4},"end":{"line":18,"column":5}}],"line":16}},"s":{"0":7,"1":1,"2":6,"3":1,"4":5,"5":2,"6":3,"7":2,"8":1,"9":1},"f":{"0":7},"b":{"0":[1,6],"1":[1,5],"2":[2,3],"3":[2,1]},"_coverageSchema":"332fd63041d2c1bcb487cc26dd0d5f7d97098a6c","hash":"1b6f0927c80fde29898d44c6eb74dc7641514088"}
,"/Users/kristinladia/Documents/GitHub/Tablet2/Tablet-app-2/components/SignUpFunction.js": {"path":"/Users/kristinladia/Documents/GitHub/Tablet2/Tablet-app-2/components/SignUpFunction.js","statementMap":{"0":{"start":{"line":4,"column":4},"end":{"line":6,"column":5}},"1":{"start":{"line":5,"column":8},"end":{"line":5,"column":21}},"2":{"start":{"line":7,"column":4},"end":{"line":9,"column":5}},"3":{"start":{"line":8,"column":8},"end":{"line":8,"column":21}},"4":{"start":{"line":10,"column":4},"end":{"line":12,"column":5}},"5":{"start":{"line":11,"column":8},"end":{"line":11,"column":21}},"6":{"start":{"line":13,"column":4},"end":{"line":15,"column":5}},"7":{"start":{"line":14,"column":8},"end":{"line":14,"column":21}},"8":{"start":{"line":16,"column":4},"end":{"line":18,"column":5}},"9":{"start":{"line":17,"column":8},"end":{"line":17,"column":21}},"10":{"start":{"line":19,"column":4},"end":{"line":21,"column":5}},"11":{"start":{"line":20,"column":8},"end":{"line":20,"column":21}},"12":{"start":{"line":22,"column":4},"end":{"line":24,"column":5}},"13":{"start":{"line":23,"column":8},"end":{"line":23,"column":21}},"14":{"start":{"line":25,"column":4},"end":{"line":27,"column":5}},"15":{"start":{"line":26,"column":8},"end":{"line":26,"column":21}},"16":{"start":{"line":28,"column":4},"end":{"line":30,"column":5}},"17":{"start":{"line":29,"column":8},"end":{"line":29,"column":21}},"18":{"start":{"line":31,"column":4},"end":{"line":33,"column":5}},"19":{"start":{"line":32,"column":8},"end":{"line":32,"column":21}},"20":{"start":{"line":34,"column":4},"end":{"line":36,"column":5}},"21":{"start":{"line":35,"column":8},"end":{"line":35,"column":21}},"22":{"start":{"line":37,"column":4},"end":{"line":39,"column":5}},"23":{"start":{"line":38,"column":8},"end":{"line":38,"column":21}},"24":{"start":{"line":41,"column":4},"end":{"line":43,"column":5}},"25":{"start":{"line":42,"column":8},"end":{"line":42,"column":21}},"26":{"start":{"line":44,"column":4},"end":{"line":46,"column":5}},"27":{"start":{"line":45,"column":8},"end":{"line":45,"column":21}},"28":{"start":{"line":47,"column":4},"end":{"line":49,"column":5}},"29":{"start":{"line":48,"column":8},"end":{"line":48,"column":21}},"30":{"start":{"line":50,"column":4},"end":{"line":52,"column":5}},"31":{"start":{"line":51,"column":8},"end":{"line":51,"column":21}},"32":{"start":{"line":53,"column":4},"end":{"line":55,"column":5}},"33":{"start":{"line":54,"column":8},"end":{"line":54,"column":21}},"34":{"start":{"line":56,"column":4},"end":{"line":58,"column":5}},"35":{"start":{"line":57,"column":8},"end":{"line":57,"column":21}},"36":{"start":{"line":59,"column":4},"end":{"line":61,"column":5}},"37":{"start":{"line":60,"column":8},"end":{"line":60,"column":21}},"38":{"start":{"line":62,"column":4},"end":{"line":64,"column":5}},"39":{"start":{"line":63,"column":8},"end":{"line":63,"column":21}},"40":{"start":{"line":65,"column":4},"end":{"line":67,"column":5}},"41":{"start":{"line":66,"column":8},"end":{"line":66,"column":21}},"42":{"start":{"line":68,"column":4},"end":{"line":70,"column":5}},"43":{"start":{"line":69,"column":8},"end":{"line":69,"column":21}},"44":{"start":{"line":74,"column":4},"end":{"line":76,"column":5}},"45":{"start":{"line":75,"column":8},"end":{"line":75,"column":21}},"46":{"start":{"line":77,"column":4},"end":{"line":79,"column":5}},"47":{"start":{"line":78,"column":8},"end":{"line":78,"column":21}},"48":{"start":{"line":80,"column":4},"end":{"line":82,"column":5}},"49":{"start":{"line":81,"column":8},"end":{"line":81,"column":21}},"50":{"start":{"line":83,"column":4},"end":{"line":85,"column":5}},"51":{"start":{"line":84,"column":8},"end":{"line":84,"column":21}},"52":{"start":{"line":86,"column":4},"end":{"line":88,"column":5}},"53":{"start":{"line":87,"column":8},"end":{"line":87,"column":21}},"54":{"start":{"line":89,"column":4},"end":{"line":91,"column":5}},"55":{"start":{"line":90,"column":8},"end":{"line":90,"column":21}},"56":{"start":{"line":102,"column":4},"end":{"line":104,"column":5}},"57":{"start":{"line":103,"column":8},"end":{"line":103,"column":21}},"58":{"start":{"line":105,"column":4},"end":{"line":107,"column":5}},"59":{"start":{"line":106,"column":8},"end":{"line":106,"column":21}},"60":{"start":{"line":109,"column":4},"end":{"line":109,"column":16}},"61":{"start":{"line":112,"column":0},"end":{"line":112,"column":24}}},"fnMap":{"0":{"name":"signup","decl":{"start":{"line":3,"column":9},"end":{"line":3,"column":15}},"loc":{"start":{"line":3,"column":22},"end":{"line":110,"column":1}},"line":3}},"branchMap":{"0":{"loc":{"start":{"line":4,"column":4},"end":{"line":6,"column":5}},"type":"if","locations":[{"start":{"line":4,"column":4},"end":{"line":6,"column":5}},{"start":{"line":4,"column":4},"end":{"line":6,"column":5}}],"line":4},"1":{"loc":{"start":{"line":7,"column":4},"end":{"line":9,"column":5}},"type":"if","locations":[{"start":{"line":7,"column":4},"end":{"line":9,"column":5}},{"start":{"line":7,"column":4},"end":{"line":9,"column":5}}],"line":7},"2":{"loc":{"start":{"line":10,"column":4},"end":{"line":12,"column":5}},"type":"if","locations":[{"start":{"line":10,"column":4},"end":{"line":12,"column":5}},{"start":{"line":10,"column":4},"end":{"line":12,"column":5}}],"line":10},"3":{"loc":{"start":{"line":13,"column":4},"end":{"line":15,"column":5}},"type":"if","locations":[{"start":{"line":13,"column":4},"end":{"line":15,"column":5}},{"start":{"line":13,"column":4},"end":{"line":15,"column":5}}],"line":13},"4":{"loc":{"start":{"line":16,"column":4},"end":{"line":18,"column":5}},"type":"if","locations":[{"start":{"line":16,"column":4},"end":{"line":18,"column":5}},{"start":{"line":16,"column":4},"end":{"line":18,"column":5}}],"line":16},"5":{"loc":{"start":{"line":19,"column":4},"end":{"line":21,"column":5}},"type":"if","locations":[{"start":{"line":19,"column":4},"end":{"line":21,"column":5}},{"start":{"line":19,"column":4},"end":{"line":21,"column":5}}],"line":19},"6":{"loc":{"start":{"line":22,"column":4},"end":{"line":24,"column":5}},"type":"if","locations":[{"start":{"line":22,"column":4},"end":{"line":24,"column":5}},{"start":{"line":22,"column":4},"end":{"line":24,"column":5}}],"line":22},"7":{"loc":{"start":{"line":25,"column":4},"end":{"line":27,"column":5}},"type":"if","locations":[{"start":{"line":25,"column":4},"end":{"line":27,"column":5}},{"start":{"line":25,"column":4},"end":{"line":27,"column":5}}],"line":25},"8":{"loc":{"start":{"line":28,"column":4},"end":{"line":30,"column":5}},"type":"if","locations":[{"start":{"line":28,"column":4},"end":{"line":30,"column":5}},{"start":{"line":28,"column":4},"end":{"line":30,"column":5}}],"line":28},"9":{"loc":{"start":{"line":31,"column":4},"end":{"line":33,"column":5}},"type":"if","locations":[{"start":{"line":31,"column":4},"end":{"line":33,"column":5}},{"start":{"line":31,"column":4},"end":{"line":33,"column":5}}],"line":31},"10":{"loc":{"start":{"line":34,"column":4},"end":{"line":36,"column":5}},"type":"if","locations":[{"start":{"line":34,"column":4},"end":{"line":36,"column":5}},{"start":{"line":34,"column":4},"end":{"line":36,"column":5}}],"line":34},"11":{"loc":{"start":{"line":37,"column":4},"end":{"line":39,"column":5}},"type":"if","locations":[{"start":{"line":37,"column":4},"end":{"line":39,"column":5}},{"start":{"line":37,"column":4},"end":{"line":39,"column":5}}],"line":37},"12":{"loc":{"start":{"line":41,"column":4},"end":{"line":43,"column":5}},"type":"if","locations":[{"start":{"line":41,"column":4},"end":{"line":43,"column":5}},{"start":{"line":41,"column":4},"end":{"line":43,"column":5}}],"line":41},"13":{"loc":{"start":{"line":44,"column":4},"end":{"line":46,"column":5}},"type":"if","locations":[{"start":{"line":44,"column":4},"end":{"line":46,"column":5}},{"start":{"line":44,"column":4},"end":{"line":46,"column":5}}],"line":44},"14":{"loc":{"start":{"line":47,"column":4},"end":{"line":49,"column":5}},"type":"if","locations":[{"start":{"line":47,"column":4},"end":{"line":49,"column":5}},{"start":{"line":47,"column":4},"end":{"line":49,"column":5}}],"line":47},"15":{"loc":{"start":{"line":50,"column":4},"end":{"line":52,"column":5}},"type":"if","locations":[{"start":{"line":50,"column":4},"end":{"line":52,"column":5}},{"start":{"line":50,"column":4},"end":{"line":52,"column":5}}],"line":50},"16":{"loc":{"start":{"line":53,"column":4},"end":{"line":55,"column":5}},"type":"if","locations":[{"start":{"line":53,"column":4},"end":{"line":55,"column":5}},{"start":{"line":53,"column":4},"end":{"line":55,"column":5}}],"line":53},"17":{"loc":{"start":{"line":56,"column":4},"end":{"line":58,"column":5}},"type":"if","locations":[{"start":{"line":56,"column":4},"end":{"line":58,"column":5}},{"start":{"line":56,"column":4},"end":{"line":58,"column":5}}],"line":56},"18":{"loc":{"start":{"line":59,"column":4},"end":{"line":61,"column":5}},"type":"if","locations":[{"start":{"line":59,"column":4},"end":{"line":61,"column":5}},{"start":{"line":59,"column":4},"end":{"line":61,"column":5}}],"line":59},"19":{"loc":{"start":{"line":62,"column":4},"end":{"line":64,"column":5}},"type":"if","locations":[{"start":{"line":62,"column":4},"end":{"line":64,"column":5}},{"start":{"line":62,"column":4},"end":{"line":64,"column":5}}],"line":62},"20":{"loc":{"start":{"line":65,"column":4},"end":{"line":67,"column":5}},"type":"if","locations":[{"start":{"line":65,"column":4},"end":{"line":67,"column":5}},{"start":{"line":65,"column":4},"end":{"line":67,"column":5}}],"line":65},"21":{"loc":{"start":{"line":68,"column":4},"end":{"line":70,"column":5}},"type":"if","locations":[{"start":{"line":68,"column":4},"end":{"line":70,"column":5}},{"start":{"line":68,"column":4},"end":{"line":70,"column":5}}],"line":68},"22":{"loc":{"start":{"line":74,"column":4},"end":{"line":76,"column":5}},"type":"if","locations":[{"start":{"line":74,"column":4},"end":{"line":76,"column":5}},{"start":{"line":74,"column":4},"end":{"line":76,"column":5}}],"line":74},"23":{"loc":{"start":{"line":77,"column":4},"end":{"line":79,"column":5}},"type":"if","locations":[{"start":{"line":77,"column":4},"end":{"line":79,"column":5}},{"start":{"line":77,"column":4},"end":{"line":79,"column":5}}],"line":77},"24":{"loc":{"start":{"line":80,"column":4},"end":{"line":82,"column":5}},"type":"if","locations":[{"start":{"line":80,"column":4},"end":{"line":82,"column":5}},{"start":{"line":80,"column":4},"end":{"line":82,"column":5}}],"line":80},"25":{"loc":{"start":{"line":83,"column":4},"end":{"line":85,"column":5}},"type":"if","locations":[{"start":{"line":83,"column":4},"end":{"line":85,"column":5}},{"start":{"line":83,"column":4},"end":{"line":85,"column":5}}],"line":83},"26":{"loc":{"start":{"line":86,"column":4},"end":{"line":88,"column":5}},"type":"if","locations":[{"start":{"line":86,"column":4},"end":{"line":88,"column":5}},{"start":{"line":86,"column":4},"end":{"line":88,"column":5}}],"line":86},"27":{"loc":{"start":{"line":89,"column":4},"end":{"line":91,"column":5}},"type":"if","locations":[{"start":{"line":89,"column":4},"end":{"line":91,"column":5}},{"start":{"line":89,"column":4},"end":{"line":91,"column":5}}],"line":89},"28":{"loc":{"start":{"line":102,"column":4},"end":{"line":104,"column":5}},"type":"if","locations":[{"start":{"line":102,"column":4},"end":{"line":104,"column":5}},{"start":{"line":102,"column":4},"end":{"line":104,"column":5}}],"line":102},"29":{"loc":{"start":{"line":105,"column":4},"end":{"line":107,"column":5}},"type":"if","locations":[{"start":{"line":105,"column":4},"end":{"line":107,"column":5}},{"start":{"line":105,"column":4},"end":{"line":107,"column":5}}],"line":105}},"s":{"0":32,"1":1,"2":31,"3":1,"4":30,"5":1,"6":29,"7":1,"8":28,"9":1,"10":27,"11":1,"12":26,"13":1,"14":25,"15":1,"16":24,"17":1,"18":23,"19":1,"20":22,"21":1,"22":21,"23":1,"24":20,"25":1,"26":19,"27":1,"28":18,"29":1,"30":17,"31":1,"32":16,"33":1,"34":15,"35":1,"36":14,"37":1,"38":13,"39":1,"40":12,"41":1,"42":11,"43":1,"44":10,"45":1,"46":9,"47":1,"48":8,"49":1,"50":7,"51":1,"52":6,"53":1,"54":5,"55":1,"56":4,"57":1,"58":3,"59":1,"60":2,"61":1},"f":{"0":32},"b":{"0":[1,31],"1":[1,30],"2":[1,29],"3":[1,28],"4":[1,27],"5":[1,26],"6":[1,25],"7":[1,24],"8":[1,23],"9":[1,22],"10":[1,21],"11":[1,20],"12":[1,19],"13":[1,18],"14":[1,17],"15":[1,16],"16":[1,15],"17":[1,14],"18":[1,13],"19":[1,12],"20":[1,11],"21":[1,10],"22":[1,9],"23":[1,8],"24":[1,7],"25":[1,6],"26":[1,5],"27":[1,4],"28":[1,3],"29":[1,2]},"_coverageSchema":"332fd63041d2c1bcb487cc26dd0d5f7d97098a6c","hash":"92f2b82170006a53b0f713ec4f84716926c7118c"}
,"/Users/kristinladia/Documents/GitHub/Tablet2/Tablet-app-2/components/StyledText.js": {"path":"/Users/kristinladia/Documents/GitHub/Tablet2/Tablet-app-2/components/StyledText.js","statementMap":{"0":{"start":{"line":6,"column":4},"end":{"line":6,"column":93}}},"fnMap":{"0":{"name":"(anonymous_0)","decl":{"start":{"line":5,"column":2},"end":{"line":5,"column":3}},"loc":{"start":{"line":5,"column":11},"end":{"line":7,"column":3}},"line":5}},"branchMap":{},"s":{"0":1},"f":{"0":1},"b":{},"_coverageSchema":"332fd63041d2c1bcb487cc26dd0d5f7d97098a6c","hash":"a5f38ef8ff80070b546cca73463310b5daa963fb"}
,"/Users/kristinladia/Documents/GitHub/Tablet2/Tablet-app-2/components/TimerFunction.js": {"path":"/Users/kristinladia/Documents/GitHub/Tablet2/Tablet-app-2/components/TimerFunction.js","statementMap":{"0":{"start":{"line":4,"column":4},"end":{"line":11,"column":14}},"1":{"start":{"line":5,"column":6},"end":{"line":5,"column":29}},"2":{"start":{"line":8,"column":6},"end":{"line":10,"column":16}},"3":{"start":{"line":9,"column":8},"end":{"line":9,"column":30}},"4":{"start":{"line":14,"column":2},"end":{"line":14,"column":31}}},"fnMap":{"0":{"name":"signUpTimer","decl":{"start":{"line":3,"column":9},"end":{"line":3,"column":20}},"loc":{"start":{"line":3,"column":31},"end":{"line":12,"column":3}},"line":3},"1":{"name":"(anonymous_1)","decl":{"start":{"line":4,"column":15},"end":{"line":4,"column":16}},"loc":{"start":{"line":4,"column":21},"end":{"line":11,"column":5}},"line":4},"2":{"name":"(anonymous_2)","decl":{"start":{"line":8,"column":17},"end":{"line":8,"column":18}},"loc":{"start":{"line":8,"column":23},"end":{"line":10,"column":7}},"line":8}},"branchMap":{"0":{"loc":{"start":{"line":5,"column":6},"end":{"line":5,"column":28}},"type":"binary-expr","locations":[{"start":{"line":5,"column":6},"end":{"line":5,"column":14}},{"start":{"line":5,"column":18},"end":{"line":5,"column":28}}],"line":5}},"s":{"0":1,"1":1,"2":1,"3":0,"4":1},"f":{"0":1,"1":1,"2":0},"b":{"0":[1,1]},"_coverageSchema":"332fd63041d2c1bcb487cc26dd0d5f7d97098a6c","hash":"05b5f2902374ec1ece93dff9ba8d87608c4a283d"}
,"/Users/kristinladia/Documents/GitHub/Tablet2/Tablet-app-2/screens/ReservationListScreen.js": {"path":"/Users/kristinladia/Documents/GitHub/Tablet2/Tablet-app-2/screens/ReservationListScreen.js","statementMap":{"0":{"start":{"line":15,"column":23},"end":{"line":15,"column":58}},"1":{"start":{"line":16,"column":24},"end":{"line":16,"column":59}},"2":{"start":{"line":17,"column":23},"end":{"line":17,"column":39}},"3":{"start":{"line":18,"column":24},"end":{"line":18,"column":40}},"4":{"start":{"line":19,"column":16},"end":{"line":19,"column":34}},"5":{"start":{"line":20,"column":14},"end":{"line":20,"column":26}},"6":{"start":{"line":32,"column":29},"end":{"line":32,"column":50}},"7":{"start":{"line":33,"column":8},"end":{"line":33,"column":68}},"8":{"start":{"line":38,"column":8},"end":{"line":101,"column":10}},"9":{"start":{"line":106,"column":15},"end":{"line":142,"column":2}}},"fnMap":{"0":{"name":"(anonymous_0)","decl":{"start":{"line":31,"column":25},"end":{"line":31,"column":26}},"loc":{"start":{"line":31,"column":31},"end":{"line":34,"column":5}},"line":31},"1":{"name":"(anonymous_1)","decl":{"start":{"line":36,"column":4},"end":{"line":36,"column":5}},"loc":{"start":{"line":36,"column":13},"end":{"line":102,"column":5}},"line":36}},"branchMap":{},"s":{"0":1,"1":1,"2":1,"3":1,"4":1,"5":1,"6":1,"7":0,"8":2,"9":1},"f":{"0":1,"1":2},"b":{},"_coverageSchema":"332fd63041d2c1bcb487cc26dd0d5f7d97098a6c","hash":"c64f847a6ea3bd276f7f1e9fe8afe71194a0b18b"}
,"/Users/kristinladia/Documents/GitHub/Tablet2/Tablet-app-2/screens/ReservationScreen.js": {"path":"/Users/kristinladia/Documents/GitHub/Tablet2/Tablet-app-2/screens/ReservationScreen.js","statementMap":{"0":{"start":{"line":18,"column":13},"end":{"line":18,"column":24}},"1":{"start":{"line":20,"column":20},"end":{"line":23,"column":2}},"2":{"start":{"line":27,"column":4},"end":{"line":27,"column":12}},"3":{"start":{"line":28,"column":4},"end":{"line":28,"column":24}},"4":{"start":{"line":29,"column":4},"end":{"line":29,"column":23}},"5":{"start":{"line":30,"column":4},"end":{"line":30,"column":20}},"6":{"start":{"line":31,"column":4},"end":{"line":31,"column":20}},"7":{"start":{"line":32,"column":4},"end":{"line":32,"column":18}},"8":{"start":{"line":33,"column":4},"end":{"line":33,"column":29}},"9":{"start":{"line":34,"column":4},"end":{"line":34,"column":34}},"10":{"start":{"line":35,"column":4},"end":{"line":35,"column":29}},"11":{"start":{"line":36,"column":4},"end":{"line":36,"column":31}},"12":{"start":{"line":37,"column":4},"end":{"line":37,"column":18}},"13":{"start":{"line":38,"column":4},"end":{"line":38,"column":20}},"14":{"start":{"line":39,"column":4},"end":{"line":39,"column":29}},"15":{"start":{"line":40,"column":4},"end":{"line":40,"column":30}},"16":{"start":{"line":41,"column":4},"end":{"line":41,"column":19}},"17":{"start":{"line":42,"column":4},"end":{"line":42,"column":22}},"18":{"start":{"line":43,"column":4},"end":{"line":43,"column":22}},"19":{"start":{"line":52,"column":18},"end":{"line":52,"column":39}},"20":{"start":{"line":53,"column":25},"end":{"line":53,"column":46}},"21":{"start":{"line":54,"column":4},"end":{"line":54,"column":66}},"22":{"start":{"line":55,"column":18},"end":{"line":55,"column":39}},"23":{"start":{"line":57,"column":28},"end":{"line":57,"column":52}},"24":{"start":{"line":59,"column":17},"end":{"line":59,"column":109}},"25":{"start":{"line":65,"column":21},"end":{"line":65,"column":37}},"26":{"start":{"line":66,"column":17},"end":{"line":66,"column":38}},"27":{"start":{"line":69,"column":4},"end":{"line":69,"column":35}},"28":{"start":{"line":70,"column":4},"end":{"line":70,"column":33}},"29":{"start":{"line":71,"column":4},"end":{"line":71,"column":50}},"30":{"start":{"line":72,"column":4},"end":{"line":72,"column":26}},"31":{"start":{"line":73,"column":4},"end":{"line":73,"column":49}},"32":{"start":{"line":74,"column":4},"end":{"line":74,"column":32}},"33":{"start":{"line":75,"column":4},"end":{"line":75,"column":46}},"34":{"start":{"line":76,"column":4},"end":{"line":76,"column":24}},"35":{"start":{"line":77,"column":4},"end":{"line":77,"column":26}},"36":{"start":{"line":78,"column":4},"end":{"line":78,"column":30}},"37":{"start":{"line":79,"column":4},"end":{"line":79,"column":45}},"38":{"start":{"line":80,"column":4},"end":{"line":80,"column":22}},"39":{"start":{"line":81,"column":4},"end":{"line":81,"column":26}},"40":{"start":{"line":82,"column":4},"end":{"line":82,"column":56}},"41":{"start":{"line":83,"column":4},"end":{"line":83,"column":45}},"42":{"start":{"line":84,"column":4},"end":{"line":84,"column":30}},"43":{"start":{"line":93,"column":4},"end":{"line":113,"column":6}},"44":{"start":{"line":99,"column":20},"end":{"line":99,"column":34}},"45":{"start":{"line":117,"column":15},"end":{"line":130,"column":2}}},"fnMap":{"0":{"name":"(anonymous_0)","decl":{"start":{"line":26,"column":2},"end":{"line":26,"column":3}},"loc":{"start":{"line":26,"column":15},"end":{"line":44,"column":3}},"line":26},"1":{"name":"(anonymous_1)","decl":{"start":{"line":51,"column":23},"end":{"line":51,"column":24}},"loc":{"start":{"line":51,"column":35},"end":{"line":89,"column":3}},"line":51},"2":{"name":"(anonymous_2)","decl":{"start":{"line":92,"column":2},"end":{"line":92,"column":3}},"loc":{"start":{"line":92,"column":11},"end":{"line":114,"column":3}},"line":92},"3":{"name":"(anonymous_3)","decl":{"start":{"line":99,"column":15},"end":{"line":99,"column":16}},"loc":{"start":{"line":99,"column":20},"end":{"line":99,"column":34}},"line":99}},"branchMap":{},"s":{"0":2,"1":2,"2":2,"3":2,"4":2,"5":2,"6":2,"7":2,"8":2,"9":2,"10":2,"11":2,"12":2,"13":2,"14":2,"15":2,"16":2,"17":2,"18":2,"19":1,"20":1,"21":0,"22":0,"23":0,"24":0,"25":0,"26":0,"27":0,"28":0,"29":0,"30":0,"31":0,"32":0,"33":0,"34":0,"35":0,"36":0,"37":0,"38":0,"39":0,"40":0,"41":0,"42":0,"43":2,"44":0,"45":2},"f":{"0":2,"1":1,"2":2,"3":0},"b":{},"_coverageSchema":"332fd63041d2c1bcb487cc26dd0d5f7d97098a6c","hash":"e22882830badb9a289f0ebdc65fd404ea7acea65"}
,"/Users/kristinladia/Documents/GitHub/Tablet2/Tablet-app-2/screens/SignUpPopulateScreen.js": {"path":"/Users/kristinladia/Documents/GitHub/Tablet2/Tablet-app-2/screens/SignUpPopulateScreen.js","statementMap":{"0":{"start":{"line":14,"column":13},"end":{"line":14,"column":24}},"1":{"start":{"line":17,"column":13},"end":{"line":37,"column":2}},"2":{"start":{"line":60,"column":16},"end":{"line":89,"column":1}},"3":{"start":{"line":99,"column":8},"end":{"line":99,"column":39}},"4":{"start":{"line":103,"column":22},"end":{"line":103,"column":43}},"5":{"start":{"line":104,"column":22},"end":{"line":104,"column":43}},"6":{"start":{"line":107,"column":21},"end":{"line":110,"column":9}},"7":{"start":{"line":111,"column":8},"end":{"line":111,"column":50}},"8":{"start":{"line":114,"column":8},"end":{"line":115,"column":36}},"9":{"start":{"line":115,"column":25},"end":{"line":115,"column":35}},"10":{"start":{"line":124,"column":30},"end":{"line":141,"column":9}},"11":{"start":{"line":145,"column":8},"end":{"line":165,"column":10}},"12":{"start":{"line":150,"column":34},"end":{"line":150,"column":48}},"13":{"start":{"line":169,"column":15},"end":{"line":190,"column":2}}},"fnMap":{"0":{"name":"(anonymous_0)","decl":{"start":{"line":98,"column":4},"end":{"line":98,"column":5}},"loc":{"start":{"line":98,"column":16},"end":{"line":100,"column":5}},"line":98},"1":{"name":"(anonymous_1)","decl":{"start":{"line":102,"column":25},"end":{"line":102,"column":26}},"loc":{"start":{"line":102,"column":31},"end":{"line":119,"column":5}},"line":102},"2":{"name":"(anonymous_2)","decl":{"start":{"line":115,"column":18},"end":{"line":115,"column":19}},"loc":{"start":{"line":115,"column":25},"end":{"line":115,"column":35}},"line":115},"3":{"name":"(anonymous_3)","decl":{"start":{"line":121,"column":4},"end":{"line":121,"column":5}},"loc":{"start":{"line":121,"column":13},"end":{"line":166,"column":5}},"line":121},"4":{"name":"(anonymous_4)","decl":{"start":{"line":150,"column":29},"end":{"line":150,"column":30}},"loc":{"start":{"line":150,"column":34},"end":{"line":150,"column":48}},"line":150}},"branchMap":{},"s":{"0":2,"1":2,"2":2,"3":1,"4":1,"5":1,"6":0,"7":0,"8":0,"9":0,"10":4,"11":4,"12":0,"13":2},"f":{"0":1,"1":1,"2":0,"3":4,"4":0},"b":{},"_coverageSchema":"332fd63041d2c1bcb487cc26dd0d5f7d97098a6c","hash":"e43304a00d74d5e318ae4b6ddb2b119c39f0a3b2"}
,"/Users/kristinladia/Documents/GitHub/Tablet2/Tablet-app-2/screens/SignUpScreen.js": {"path":"/Users/kristinladia/Documents/GitHub/Tablet2/Tablet-app-2/screens/SignUpScreen.js","statementMap":{"0":{"start":{"line":11,"column":13},"end":{"line":11,"column":24}},"1":{"start":{"line":13,"column":18},"end":{"line":16,"column":2}},"2":{"start":{"line":18,"column":16},"end":{"line":24,"column":2}},"3":{"start":{"line":26,"column":13},"end":{"line":46,"column":2}},"4":{"start":{"line":49,"column":16},"end":{"line":75,"column":1}},"5":{"start":{"line":85,"column":8},"end":{"line":85,"column":39}},"6":{"start":{"line":89,"column":22},"end":{"line":89,"column":43}},"7":{"start":{"line":90,"column":22},"end":{"line":90,"column":43}},"8":{"start":{"line":93,"column":21},"end":{"line":96,"column":9}},"9":{"start":{"line":97,"column":8},"end":{"line":97,"column":50}},"10":{"start":{"line":100,"column":8},"end":{"line":101,"column":36}},"11":{"start":{"line":101,"column":25},"end":{"line":101,"column":35}},"12":{"start":{"line":110,"column":8},"end":{"line":130,"column":10}},"13":{"start":{"line":116,"column":34},"end":{"line":116,"column":48}},"14":{"start":{"line":135,"column":15},"end":{"line":156,"column":2}}},"fnMap":{"0":{"name":"(anonymous_0)","decl":{"start":{"line":84,"column":4},"end":{"line":84,"column":5}},"loc":{"start":{"line":84,"column":16},"end":{"line":86,"column":5}},"line":84},"1":{"name":"(anonymous_1)","decl":{"start":{"line":88,"column":25},"end":{"line":88,"column":26}},"loc":{"start":{"line":88,"column":31},"end":{"line":105,"column":5}},"line":88},"2":{"name":"(anonymous_2)","decl":{"start":{"line":101,"column":18},"end":{"line":101,"column":19}},"loc":{"start":{"line":101,"column":25},"end":{"line":101,"column":35}},"line":101},"3":{"name":"(anonymous_3)","decl":{"start":{"line":108,"column":4},"end":{"line":108,"column":5}},"loc":{"start":{"line":108,"column":13},"end":{"line":131,"column":5}},"line":108},"4":{"name":"(anonymous_4)","decl":{"start":{"line":116,"column":29},"end":{"line":116,"column":30}},"loc":{"start":{"line":116,"column":34},"end":{"line":116,"column":48}},"line":116}},"branchMap":{},"s":{"0":2,"1":2,"2":2,"3":2,"4":2,"5":1,"6":1,"7":1,"8":0,"9":0,"10":0,"11":0,"12":5,"13":0,"14":2},"f":{"0":1,"1":1,"2":0,"3":5,"4":0},"b":{},"_coverageSchema":"332fd63041d2c1bcb487cc26dd0d5f7d97098a6c","hash":"124c0fa2829a234bd02f5d17dd23e15326afd2f1"}
}
