TN:
SF:/Users/kristinladia/Documents/GitHub/Tablet2/Tablet-app-2/Intro.js
FN:25,(anonymous_0)
FNF:1
FNH:1
FNDA:1,(anonymous_0)
DA:5,1
DA:26,1
LF:2
LH:2
BRF:0
BRH:0
end_of_record
TN:
SF:/Users/kristinladia/Documents/GitHub/Tablet2/Tablet-app-2/assets/images/Picture1.png
FNF:0
FNH:0
DA:1,1
LF:1
LH:1
BRF:0
BRH:0
end_of_record
TN:
SF:/Users/kristinladia/Documents/GitHub/Tablet2/Tablet-app-2/components/ReservationFunction.js
FN:3,reservation
FNF:1
FNH:1
FNDA:7,reservation
DA:4,7
DA:5,1
DA:7,6
DA:8,1
DA:10,5
DA:11,2
DA:16,3
DA:17,2
DA:19,1
DA:22,1
LF:10
LH:10
BRDA:4,0,0,1
BRDA:4,0,1,6
BRDA:7,1,0,1
BRDA:7,1,1,5
BRDA:10,2,0,2
BRDA:10,2,1,3
BRDA:16,3,0,2
BRDA:16,3,1,1
BRF:8
BRH:8
end_of_record
TN:
SF:/Users/kristinladia/Documents/GitHub/Tablet2/Tablet-app-2/components/SignUpFunction.js
FN:3,signup
FNF:1
FNH:1
FNDA:32,signup
DA:4,32
DA:5,1
DA:7,31
DA:8,1
DA:10,30
DA:11,1
DA:13,29
DA:14,1
DA:16,28
DA:17,1
DA:19,27
DA:20,1
DA:22,26
DA:23,1
DA:25,25
DA:26,1
DA:28,24
DA:29,1
DA:31,23
DA:32,1
DA:34,22
DA:35,1
DA:37,21
DA:38,1
DA:41,20
DA:42,1
DA:44,19
DA:45,1
DA:47,18
DA:48,1
DA:50,17
DA:51,1
DA:53,16
DA:54,1
DA:56,15
DA:57,1
DA:59,14
DA:60,1
DA:62,13
DA:63,1
DA:65,12
DA:66,1
DA:68,11
DA:69,1
DA:74,10
DA:75,1
DA:77,9
DA:78,1
DA:80,8
DA:81,1
DA:83,7
DA:84,1
DA:86,6
DA:87,1
DA:89,5
DA:90,1
DA:102,4
DA:103,1
DA:105,3
DA:106,1
DA:109,2
DA:112,1
LF:62
LH:62
BRDA:4,0,0,1
BRDA:4,0,1,31
BRDA:7,1,0,1
BRDA:7,1,1,30
BRDA:10,2,0,1
BRDA:10,2,1,29
BRDA:13,3,0,1
BRDA:13,3,1,28
BRDA:16,4,0,1
BRDA:16,4,1,27
BRDA:19,5,0,1
BRDA:19,5,1,26
BRDA:22,6,0,1
BRDA:22,6,1,25
BRDA:25,7,0,1
BRDA:25,7,1,24
BRDA:28,8,0,1
BRDA:28,8,1,23
BRDA:31,9,0,1
BRDA:31,9,1,22
BRDA:34,10,0,1
BRDA:34,10,1,21
BRDA:37,11,0,1
BRDA:37,11,1,20
BRDA:41,12,0,1
BRDA:41,12,1,19
BRDA:44,13,0,1
BRDA:44,13,1,18
BRDA:47,14,0,1
BRDA:47,14,1,17
BRDA:50,15,0,1
BRDA:50,15,1,16
BRDA:53,16,0,1
BRDA:53,16,1,15
BRDA:56,17,0,1
BRDA:56,17,1,14
BRDA:59,18,0,1
BRDA:59,18,1,13
BRDA:62,19,0,1
BRDA:62,19,1,12
BRDA:65,20,0,1
BRDA:65,20,1,11
BRDA:68,21,0,1
BRDA:68,21,1,10
BRDA:74,22,0,1
BRDA:74,22,1,9
BRDA:77,23,0,1
BRDA:77,23,1,8
BRDA:80,24,0,1
BRDA:80,24,1,7
BRDA:83,25,0,1
BRDA:83,25,1,6
BRDA:86,26,0,1
BRDA:86,26,1,5
BRDA:89,27,0,1
BRDA:89,27,1,4
BRDA:102,28,0,1
BRDA:102,28,1,3
BRDA:105,29,0,1
BRDA:105,29,1,2
BRF:60
BRH:60
end_of_record
TN:
SF:/Users/kristinladia/Documents/GitHub/Tablet2/Tablet-app-2/components/StyledText.js
FN:5,(anonymous_0)
FNF:1
FNH:1
FNDA:1,(anonymous_0)
DA:6,1
LF:1
LH:1
BRF:0
BRH:0
end_of_record
TN:
SF:/Users/kristinladia/Documents/GitHub/Tablet2/Tablet-app-2/components/TimerFunction.js
FN:3,signUpTimer
FN:4,(anonymous_1)
FN:8,(anonymous_2)
FNF:3
FNH:2
FNDA:1,signUpTimer
FNDA:1,(anonymous_1)
FNDA:0,(anonymous_2)
DA:4,1
DA:5,1
DA:8,1
DA:9,0
DA:14,1
LF:5
LH:4
BRDA:5,0,0,1
BRDA:5,0,1,1
BRF:2
BRH:2
end_of_record
TN:
SF:/Users/kristinladia/Documents/GitHub/Tablet2/Tablet-app-2/screens/ReservationListScreen.js
FN:31,(anonymous_0)
FN:36,(anonymous_1)
FNF:2
FNH:2
FNDA:1,(anonymous_0)
FNDA:2,(anonymous_1)
DA:15,1
DA:16,1
DA:17,1
DA:18,1
DA:19,1
DA:20,1
DA:32,1
DA:33,0
DA:38,2
DA:106,1
LF:10
LH:9
BRF:0
BRH:0
end_of_record
TN:
SF:/Users/kristinladia/Documents/GitHub/Tablet2/Tablet-app-2/screens/ReservationScreen.js
FN:26,(anonymous_0)
FN:51,(anonymous_1)
FN:92,(anonymous_2)
FN:99,(anonymous_3)
FNF:4
FNH:3
FNDA:2,(anonymous_0)
FNDA:1,(anonymous_1)
FNDA:2,(anonymous_2)
FNDA:0,(anonymous_3)
DA:18,2
DA:20,2
DA:27,2
DA:28,2
DA:29,2
DA:30,2
DA:31,2
DA:32,2
DA:33,2
DA:34,2
DA:35,2
DA:36,2
DA:37,2
DA:38,2
DA:39,2
DA:40,2
DA:41,2
DA:42,2
DA:43,2
DA:52,1
DA:53,1
DA:54,0
DA:55,0
DA:57,0
DA:59,0
DA:65,0
DA:66,0
DA:69,0
DA:70,0
DA:71,0
DA:72,0
DA:73,0
DA:74,0
DA:75,0
DA:76,0
DA:77,0
DA:78,0
DA:79,0
DA:80,0
DA:81,0
DA:82,0
DA:83,0
DA:84,0
DA:93,2
DA:99,0
DA:117,2
LF:46
LH:23
BRF:0
BRH:0
end_of_record
TN:
SF:/Users/kristinladia/Documents/GitHub/Tablet2/Tablet-app-2/screens/SignUpPopulateScreen.js
FN:98,(anonymous_0)
FN:102,(anonymous_1)
FN:115,(anonymous_2)
FN:121,(anonymous_3)
FN:150,(anonymous_4)
FNF:5
FNH:3
FNDA:1,(anonymous_0)
FNDA:1,(anonymous_1)
FNDA:0,(anonymous_2)
FNDA:4,(anonymous_3)
FNDA:0,(anonymous_4)
DA:14,2
DA:17,2
DA:60,2
DA:99,1
DA:103,1
DA:104,1
DA:107,0
DA:111,0
DA:114,0
DA:115,0
DA:124,4
DA:145,4
DA:150,0
DA:169,2
LF:14
LH:9
BRF:0
BRH:0
end_of_record
TN:
SF:/Users/kristinladia/Documents/GitHub/Tablet2/Tablet-app-2/screens/SignUpScreen.js
FN:84,(anonymous_0)
FN:88,(anonymous_1)
FN:101,(anonymous_2)
FN:108,(anonymous_3)
FN:116,(anonymous_4)
FNF:5
FNH:3
FNDA:1,(anonymous_0)
FNDA:1,(anonymous_1)
FNDA:0,(anonymous_2)
FNDA:5,(anonymous_3)
FNDA:0,(anonymous_4)
DA:11,2
DA:13,2
DA:18,2
DA:26,2
DA:49,2
DA:85,1
DA:89,1
DA:90,1
DA:93,0
DA:97,0
DA:100,0
DA:101,0
DA:110,5
DA:116,0
DA:135,2
LF:15
LH:10
BRF:0
BRH:0
end_of_record
